<?xml version="1.0" encoding="UTF-8"?>
<!-- Generated by org.testng.reporters.JUnitReportReporter -->
<testsuite hostname="Rajeev-Dell" name="com.upermits.scripts.Loginlogout" tests="1" failures="0" timestamp="15 Jan 2017 08:56:19 GMT" time="9.125" errors="0">
  <testcase name="loginLogout" time="9.125" classname="com.upermits.scripts.Loginlogout"/>
</testsuite> <!-- com.upermits.scripts.Loginlogout -->
