<?xml version="1.0" encoding="UTF-8"?>
<!-- Generated by org.testng.reporters.JUnitReportReporter -->
<testsuite hostname="Rajeev-Dell" name="com.upermits.scripts.Loginlogout" tests="1" failures="0" timestamp="14 Jan 2017 18:27:03 GMT" time="7.946" errors="0">
  <testcase name="loginLogot" time="7.946" classname="com.upermits.scripts.Loginlogout"/>
</testsuite> <!-- com.upermits.scripts.Loginlogout -->
